<?xml version="1.0" encoding="UTF-8"?>
<!-- Generated by org.testng.reporters.JUnitXMLReporter -->
<testsuite hostname="LAPTOP-MGF1Q7NH" ignored="0" name="Default test" tests="3" failures="0" timestamp="23 May 2022 07:28:57 GMT" time="8.883" errors="0">
  <testcase name="pageUrltest" time="0.024" classname="mytest.OrangeHRMTest"/>
  <testcase name="pageTitleTest" time="0.028" classname="mytest.OrangeHRMTest"/>
  <testcase name="IssearchBoxAvailableCheck" time="0.075" classname="mytest.OrangeHRMTest"/>
</testsuite> <!-- Default test -->
