<?xml version="1.0" encoding="UTF-8"?>
<!-- Generated by org.testng.reporters.JUnitXMLReporter -->
<testsuite hostname="LAPTOP-MGF1Q7NH" ignored="0" name="Google App Test" tests="3" failures="0" timestamp="23 May 2022 11:10:21 GMT" time="5.447" errors="0">
  <testcase name="pageUrltest" time="0.021" classname="mytest.GoogleTest"/>
  <testcase name="pageTitleTest" time="0.015" classname="mytest.GoogleTest"/>
  <testcase name="IssearchBoxAvailableCheck" time="0.058" classname="mytest.GoogleTest"/>
</testsuite> <!-- Google App Test -->
