<?xml version="1.0" encoding="UTF-8"?>
<!-- Generated by org.testng.reporters.JUnitXMLReporter -->
<testsuite hostname="LAPTOP-MGF1Q7NH" ignored="0" name="Google Test" tests="3" failures="0" timestamp="23 May 2022 07:29:44 GMT" time="3.925" errors="0">
  <testcase name="pageUrltest" time="0.009" classname="mytest.GoogleTest"/>
  <testcase name="pageTitleTest" time="0.011" classname="mytest.GoogleTest"/>
  <testcase name="IssearchBoxAvailableCheck" time="0.027" classname="mytest.GoogleTest"/>
</testsuite> <!-- Google Test -->
