<?xml version="1.0" encoding="UTF-8"?>
<!-- Generated by org.testng.reporters.JUnitXMLReporter -->
<testsuite hostname="LAPTOP-MGF1Q7NH" ignored="0" name="Negative Test for Login" tests="3" failures="0" timestamp="24 May 2022 12:05:04 GMT" time="18.474" errors="0">
  <testcase name="loginTest" time="3.25" classname="mytest.login_negative_Test"/>
  <testcase name="loginTest" time="3.599" classname="mytest.login_negative_Test"/>
  <testcase name="loginTest" time="3.627" classname="mytest.login_negative_Test"/>
</testsuite> <!-- Negative Test for Login -->
