<?xml version="1.0" encoding="UTF-8"?>
<!-- Generated by org.testng.reporters.JUnitXMLReporter -->
<testsuite hostname="LAPTOP-MGF1Q7NH" ignored="0" name="Ornage HRM Test" tests="3" failures="0" timestamp="23 May 2022 07:29:40 GMT" time="6.548" errors="0">
  <testcase name="pageUrltest" time="0.013" classname="mytest.OrangeHRMTest"/>
  <testcase name="pageTitleTest" time="0.01" classname="mytest.OrangeHRMTest"/>
  <testcase name="IssearchBoxAvailableCheck" time="0.05" classname="mytest.OrangeHRMTest"/>
</testsuite> <!-- Ornage HRM Test -->
